You must provide at least one recipient email address.

2022-07-08 12:02

You must provide at least one recipient email address.

2022-07-08 12:02

You must provide at least one recipient email address.

2022-07-08 12:02

The following From address failed: recuperarsenha@playlistshare.com.br : MAIL FROM command failed,Authentication Required. Learn more at
 https://support.google.com/mail/?p=WantAuthError f108-20020a9d03f5000000b0060c00c3fde5sm18554463otf.72 - gsmtp
,530,5.7.0SMTP server error: MAIL FROM command failed Detail: Authentication Required. Learn more at
 https://support.google.com/mail/?p=WantAuthError f108-20020a9d03f5000000b0060c00c3fde5sm18554463otf.72 - gsmtp
 SMTP code: 530 Additional SMTP info: 5.7.0SMTP server error: MAIL FROM command failed Detail: Authentication Required. Learn more at
 https://support.google.com/mail/?p=WantAuthError f108-20020a9d03f5000000b0060c00c3fde5sm18554463otf.72 - gsmtp
 SMTP code: 530 Additional SMTP info: 5.7.0
biree@biridim.hihi
2022-07-08 12:06

The following From address failed: recuperarsenha@playlistshare.com.br : MAIL FROM command failed,Authentication Required. Learn more at
 https://support.google.com/mail/?p=WantAuthError a6-20020a4ad5c6000000b0042882c76debsm3661534oot.8 - gsmtp
,530,5.7.0SMTP server error: MAIL FROM command failed Detail: Authentication Required. Learn more at
 https://support.google.com/mail/?p=WantAuthError a6-20020a4ad5c6000000b0042882c76debsm3661534oot.8 - gsmtp
 SMTP code: 530 Additional SMTP info: 5.7.0SMTP server error: MAIL FROM command failed Detail: Authentication Required. Learn more at
 https://support.google.com/mail/?p=WantAuthError a6-20020a4ad5c6000000b0042882c76debsm3661534oot.8 - gsmtp
 SMTP code: 530 Additional SMTP info: 5.7.0
biree@biridim.hihi
2022-07-08 12:39

The following From address failed: recuperarsenha@playlistshare.com.br : MAIL FROM command failed,Authentication Required. Learn more at
 https://support.google.com/mail/?p=WantAuthError en38-20020a05687007a600b000f325409614sm22521682oab.13 - gsmtp
,530,5.7.0SMTP server error: MAIL FROM command failed Detail: Authentication Required. Learn more at
 https://support.google.com/mail/?p=WantAuthError en38-20020a05687007a600b000f325409614sm22521682oab.13 - gsmtp
 SMTP code: 530 Additional SMTP info: 5.7.0SMTP server error: MAIL FROM command failed Detail: Authentication Required. Learn more at
 https://support.google.com/mail/?p=WantAuthError en38-20020a05687007a600b000f325409614sm22521682oab.13 - gsmtp
 SMTP code: 530 Additional SMTP info: 5.7.0
biree@biridim.hihi
2022-07-08 12:42

SMTP connect() failed. https://github.com/PHPMailer/PHPMailer/wiki/Troubleshooting
joaosorremailsender@gmail.com
2022-07-08 12:59

SMTP connect() failed. https://github.com/PHPMailer/PHPMailer/wiki/Troubleshooting
joaolucasarasolaire@gmail.com
2022-07-08 13:06

SMTP connect() failed. https://github.com/PHPMailer/PHPMailer/wiki/Troubleshooting
joaolucasarasolaire@gmail.com
2022-07-08 13:08

Email enviado:joaolucasarasolaire@gmail.com - 2022-07-08 13:10 
Email enviado:joaolucasarasolaire@gmail.com - 2022-07-08 13:13 
Email enviado:joaolucasarasolaire@gmail.com - 2022-07-08 13:23 
